<?xml version="1.0" encoding="UTF-8"?>
<!-- Generated by org.testng.reporters.JUnitReportReporter -->
<testsuite hostname="HwaitingX_ART" failures="0" tests="10" name="locators.PartialLinkTextTests" time="50.826" errors="0" timestamp="2025-04-25T00:00:44 CDT" skipped="0">
  <testcase classname="locators.PartialLinkTextTests" name="testAuthorsLink" time="4.925"/>
  <testcase classname="locators.PartialLinkTextTests" name="testAddABookLink" time="3.156"/>
  <testcase classname="locators.PartialLinkTextTests" name="testLogInLink" time="4.288"/>
  <testcase classname="locators.PartialLinkTextTests" name="testVolunteerLink" time="3.952"/>
  <testcase classname="locators.PartialLinkTextTests" name="testBookPreviewButton" time="9.984"/>
  <testcase classname="locators.PartialLinkTextTests" name="testItalianoLink" time="4.156"/>
  <testcase classname="locators.PartialLinkTextTests" name="testReturnToTopLink" time="2.845"/>
  <testcase classname="locators.PartialLinkTextTests" name="testTermsOfServiceLink" time="3.577"/>
  <testcase classname="locators.PartialLinkTextTests" name="testSubjectsLink" time="2.912"/>
  <testcase classname="locators.PartialLinkTextTests" name="testClassicBooksLink" time="11.031"/>
</testsuite> <!-- locators.PartialLinkTextTests -->
