<?xml version="1.0" encoding="UTF-8"?>
<!-- Generated by org.testng.reporters.JUnitReportReporter -->
<testsuite hostname="HwaitingX_ART" failures="0" tests="1" name="locators.IDTests" time="6.961" errors="0" timestamp="2025-04-22T02:15:46 CDT" skipped="0">
  <testcase classname="locators.IDTests" name="testInputsOnRegistrationFormSubmit" time="6.961"/>
</testsuite> <!-- locators.IDTests -->
