<?xml version="1.0" encoding="UTF-8"?>
<!-- Generated by org.testng.reporters.JUnitReportReporter -->
<testsuite hostname="HwaitingX_ART" failures="0" tests="9" name="locators.CssSelectorTests" time="51.886" errors="0" timestamp="2025-04-17T10:09:11 CDT" skipped="0">
  <testcase classname="locators.CssSelectorTests" name="testPageTwoLink" time="5.389"/>
  <testcase classname="locators.CssSelectorTests" name="testTermsOfServiceLink" time="2.462"/>
  <testcase classname="locators.CssSelectorTests" name="testBrowseByLanguageLinks" time="14.295"/>
  <testcase classname="locators.CssSelectorTests" name="testSearchBoxInForm" time="3.557"/>
  <testcase classname="locators.CssSelectorTests" name="testTrendingCarouselRightArrowButton" time="3.010"/>
  <testcase classname="locators.CssSelectorTests" name="testSearchButton" time="3.397"/>
  <testcase classname="locators.CssSelectorTests" name="testLogInButton" time="2.745"/>
  <testcase classname="locators.CssSelectorTests" name="testSearchBooksHeader" time="8.815"/>
  <testcase classname="locators.CssSelectorTests" name="testBorrowButton" time="8.216"/>
</testsuite> <!-- locators.CssSelectorTests -->
