<?xml version="1.0" encoding="UTF-8"?>
<!-- Generated by org.testng.reporters.JUnitReportReporter -->
<testsuite hostname="HwaitingX_ART" failures="0" tests="1" name="locators.CssSelectorTests" time="2.406" errors="0" timestamp="2025-04-19T19:51:35 CDT" skipped="0">
  <testcase classname="locators.CssSelectorTests" name="testBrowseButton" time="2.406"/>
</testsuite> <!-- locators.CssSelectorTests -->
