<?xml version="1.0" encoding="UTF-8"?>
<!-- Generated by org.testng.reporters.JUnitReportReporter -->
<testsuite hostname="HwaitingX_ART" failures="0" tests="1" name="locators.LinkTextTests" time="2.922" errors="0" timestamp="2025-04-24T22:45:20 CDT" skipped="0">
  <testcase classname="locators.LinkTextTests" name="testVisionLink" time="2.922"/>
</testsuite> <!-- locators.LinkTextTests -->
