<?xml version="1.0" encoding="UTF-8"?>
<!-- Generated by org.testng.reporters.JUnitReportReporter -->
<testsuite hostname="HwaitingX_ART" failures="0" tests="1" name="locators.NameTests" time="47.765" errors="0" timestamp="2025-04-22T14:15:50 CDT" skipped="0">
  <testcase classname="locators.NameTests" name="testSubmitButton" time="47.765"/>
</testsuite> <!-- locators.NameTests -->
