<?xml version="1.0" encoding="UTF-8"?>
<!-- Generated by org.testng.reporters.JUnitReportReporter -->
<testsuite hostname="HwaitingX_ART" failures="0" tests="1" name="locators.TagNameTests" time="15.646" errors="0" timestamp="2025-04-23T23:37:44 CDT" skipped="0">
  <testcase classname="locators.TagNameTests" name="testFirstPreviewButtonIsDisplayed" time="15.646"/>
</testsuite> <!-- locators.TagNameTests -->
