<?xml version="1.0" encoding="UTF-8"?>
<!-- Generated by org.testng.reporters.JUnitReportReporter -->
<testsuite hostname="HwaitingX_ART" failures="0" tests="1" name="locators.CssSelectorTests" time="2.661" errors="0" timestamp="2025-04-19T00:38:06 CDT" skipped="0">
  <testcase classname="locators.CssSelectorTests" name="testSecondBestBook" time="2.661"/>
</testsuite> <!-- locators.CssSelectorTests -->
