<?xml version="1.0" encoding="UTF-8"?>
<!-- Generated by org.testng.reporters.JUnitReportReporter -->
<testsuite hostname="HwaitingX_ART" failures="0" tests="1" name="locators.CssSelectorTests" time="9.861" errors="0" timestamp="2025-04-17T14:47:55 CDT" skipped="0">
  <testcase classname="locators.CssSelectorTests" name="testSecondBookCover" time="9.861"/>
</testsuite> <!-- locators.CssSelectorTests -->
