<?xml version="1.0" encoding="UTF-8"?>
<!-- Generated by org.testng.reporters.JUnitReportReporter -->
<testsuite hostname="HwaitingX_ART" failures="0" tests="1" name="locators.ClassNameTests" time="5.499" errors="0" timestamp="2025-04-23T13:56:15 CDT" skipped="0">
  <testcase classname="locators.ClassNameTests" name="testPR1" time="5.499"/>
</testsuite> <!-- locators.ClassNameTests -->
