<?xml version="1.0" encoding="UTF-8"?>
<!-- Generated by org.testng.reporters.JUnitReportReporter -->
<testsuite hostname="HwaitingX_ART" failures="0" tests="1" name="locators.IDTests" time="11.143" errors="0" timestamp="2025-04-21T02:13:43 CDT" skipped="0">
  <testcase classname="locators.IDTests" name="testRegistrationSubmitButton" time="11.143"/>
</testsuite> <!-- locators.IDTests -->
